c:\users\mark\desktop\x图像上位机vs2017版\dlgdemo\debug\dlgdemo.bsc
c:\users\mark\desktop\x图像上位机vs2017版\dlgdemo\debug\dlgdemo.pch
c:\users\mark\desktop\x图像上位机vs2017版\dlgdemo\debug\stdafx.sbr
c:\users\mark\desktop\x图像上位机vs2017版\dlgdemo\debug\stdafx.obj
c:\users\mark\desktop\x图像上位机vs2017版\dlgdemo\debug\channelwnd.sbr
c:\users\mark\desktop\x图像上位机vs2017版\dlgdemo\debug\codecsettingfrm.sbr
c:\users\mark\desktop\x图像上位机vs2017版\dlgdemo\debug\colorpropertydlg.sbr
c:\users\mark\desktop\x图像上位机vs2017版\dlgdemo\debug\cvideodenoisefrm.sbr
c:\users\mark\desktop\x图像上位机vs2017版\dlgdemo\debug\devicecontrol.sbr
c:\users\mark\desktop\x图像上位机vs2017版\dlgdemo\debug\dlgdemo.sbr
c:\users\mark\desktop\x图像上位机vs2017版\dlgdemo\debug\dlgdemodlg.sbr
c:\users\mark\desktop\x图像上位机vs2017版\dlgdemo\debug\osdsetting.sbr
c:\users\mark\desktop\x图像上位机vs2017版\dlgdemo\debug\show.sbr
c:\users\mark\desktop\x图像上位机vs2017版\dlgdemo\debug\show.obj
c:\users\mark\desktop\x图像上位机vs2017版\dlgdemo\debug\osdsetting.obj
c:\users\mark\desktop\x图像上位机vs2017版\dlgdemo\debug\dlgdemodlg.obj
c:\users\mark\desktop\x图像上位机vs2017版\dlgdemo\debug\dlgdemo.obj
c:\users\mark\desktop\x图像上位机vs2017版\dlgdemo\debug\devicecontrol.obj
c:\users\mark\desktop\x图像上位机vs2017版\dlgdemo\debug\cvideodenoisefrm.obj
c:\users\mark\desktop\x图像上位机vs2017版\dlgdemo\debug\colorpropertydlg.obj
c:\users\mark\desktop\x图像上位机vs2017版\dlgdemo\debug\codecsettingfrm.obj
c:\users\mark\desktop\x图像上位机vs2017版\dlgdemo\debug\channelwnd.obj
c:\users\mark\desktop\x图像上位机vs2017版\dlgdemo\debug\dlgdemo.exe
c:\users\mark\desktop\x图像上位机vs2017版\dlgdemo\debug\dlgdemo.ilk
c:\users\mark\desktop\x图像上位机vs2017版\dlgdemo\debug\dlgdemo.pdb
c:\users\mark\desktop\x图像上位机vs2017版\dlgdemo\dlgdemo.res
c:\users\mark\desktop\x图像上位机vs2017版\x图像上位机vs2017版\dlgdemo\debug\channelwnd.obj
c:\users\mark\desktop\x图像上位机vs2017版\x图像上位机vs2017版\dlgdemo\debug\codecsettingfrm.obj
c:\users\mark\desktop\x图像上位机vs2017版\x图像上位机vs2017版\dlgdemo\debug\colorpropertydlg.obj
c:\users\mark\desktop\x图像上位机vs2017版\x图像上位机vs2017版\dlgdemo\debug\cvideodenoisefrm.obj
c:\users\mark\desktop\x图像上位机vs2017版\x图像上位机vs2017版\dlgdemo\debug\devicecontrol.obj
c:\users\mark\desktop\x图像上位机vs2017版\x图像上位机vs2017版\dlgdemo\debug\dlgdemo.obj
c:\users\mark\desktop\x图像上位机vs2017版\x图像上位机vs2017版\dlgdemo\debug\dlgdemodlg.obj
c:\users\mark\desktop\x图像上位机vs2017版\x图像上位机vs2017版\dlgdemo\debug\osdsetting.obj
c:\users\mark\desktop\x图像上位机vs2017版\x图像上位机vs2017版\dlgdemo\debug\show.obj
c:\users\mark\desktop\x图像上位机vs2017版\x图像上位机vs2017版\dlgdemo\debug\stdafx.obj
c:\users\mark\desktop\x图像上位机vs2017版\x图像上位机vs2017版\dlgdemo\debug\dlgdemo.ilk
c:\users\mark\desktop\x图像上位机vs2017版\x图像上位机vs2017版\dlgdemo\debug\dlgdemo.pch
c:\users\mark\desktop\x图像上位机vs2017版\x图像上位机vs2017版\dlgdemo\debug\dlgdemo.pdb
c:\users\mark\desktop\x图像上位机vs2017版\x图像上位机vs2017版\dlgdemo\debug\dlgdemo.bsc
c:\users\mark\desktop\x图像上位机vs2017版\x图像上位机vs2017版\dlgdemo\debug\channelwnd.sbr
c:\users\mark\desktop\x图像上位机vs2017版\x图像上位机vs2017版\dlgdemo\debug\codecsettingfrm.sbr
c:\users\mark\desktop\x图像上位机vs2017版\x图像上位机vs2017版\dlgdemo\debug\colorpropertydlg.sbr
c:\users\mark\desktop\x图像上位机vs2017版\x图像上位机vs2017版\dlgdemo\debug\cvideodenoisefrm.sbr
c:\users\mark\desktop\x图像上位机vs2017版\x图像上位机vs2017版\dlgdemo\debug\devicecontrol.sbr
c:\users\mark\desktop\x图像上位机vs2017版\x图像上位机vs2017版\dlgdemo\debug\dlgdemo.sbr
c:\users\mark\desktop\x图像上位机vs2017版\x图像上位机vs2017版\dlgdemo\debug\dlgdemodlg.sbr
c:\users\mark\desktop\x图像上位机vs2017版\x图像上位机vs2017版\dlgdemo\debug\osdsetting.sbr
c:\users\mark\desktop\x图像上位机vs2017版\x图像上位机vs2017版\dlgdemo\debug\show.sbr
c:\users\mark\desktop\x图像上位机vs2017版\x图像上位机vs2017版\dlgdemo\debug\stdafx.sbr
c:\users\mark\desktop\x图像上位机vs2017版\x图像上位机vs2017版\dlgdemo\.\debug\dlgdemo.exe
c:\users\mark\desktop\x图像上位机vs2017版\x图像上位机vs2017版\dlgdemo\debug\dlgdemo.tlog\bscmake.command.1.tlog
c:\users\mark\desktop\x图像上位机vs2017版\x图像上位机vs2017版\dlgdemo\debug\dlgdemo.tlog\bscmake.read.1.tlog
c:\users\mark\desktop\x图像上位机vs2017版\x图像上位机vs2017版\dlgdemo\debug\dlgdemo.tlog\bscmake.write.1.tlog
c:\users\mark\desktop\x图像上位机vs2017版\x图像上位机vs2017版\dlgdemo\debug\dlgdemo.tlog\cl.command.1.tlog
c:\users\mark\desktop\x图像上位机vs2017版\x图像上位机vs2017版\dlgdemo\debug\dlgdemo.tlog\cl.read.1.tlog
c:\users\mark\desktop\x图像上位机vs2017版\x图像上位机vs2017版\dlgdemo\debug\dlgdemo.tlog\cl.write.1.tlog
c:\users\mark\desktop\x图像上位机vs2017版\x图像上位机vs2017版\dlgdemo\debug\dlgdemo.tlog\link.command.1.tlog
c:\users\mark\desktop\x图像上位机vs2017版\x图像上位机vs2017版\dlgdemo\debug\dlgdemo.tlog\link.read.1.tlog
c:\users\mark\desktop\x图像上位机vs2017版\x图像上位机vs2017版\dlgdemo\debug\dlgdemo.tlog\link.write.1.tlog
c:\users\mark\desktop\x图像上位机vs2017版\x图像上位机vs2017版\dlgdemo\debug\dlgdemo.tlog\rc.command.1.tlog
c:\users\mark\desktop\x图像上位机vs2017版\x图像上位机vs2017版\dlgdemo\debug\dlgdemo.tlog\rc.read.1.tlog
c:\users\mark\desktop\x图像上位机vs2017版\x图像上位机vs2017版\dlgdemo\debug\dlgdemo.tlog\rc.write.1.tlog
